2025-11-12T08:51:39.184Z	Initializing build environment...
2025-11-12T08:51:39.184Z	Initializing build environment...
2025-11-12T08:52:05.760Z	Success: Finished initializing build environment
2025-11-12T08:52:06.100Z	Cloning repository...
2025-11-12T08:52:07.110Z	Detected the following tools from environment: npm@10.9.2, nodejs@22.16.0
2025-11-12T08:52:07.111Z	Restoring from dependencies cache
2025-11-12T08:52:07.112Z	Restoring from build output cache
2025-11-12T08:52:07.412Z	Installing project dependencies: npm clean-install --progress=false
2025-11-12T08:52:11.372Z	npm warn deprecated @esbuild-kit/core-utils@3.3.2: Merged into tsx: https://tsx.is
2025-11-12T08:52:11.401Z	npm warn deprecated @esbuild-kit/esm-loader@2.6.5: Merged into tsx: https://tsx.is
2025-11-12T08:52:14.869Z	
2025-11-12T08:52:14.869Z	added 478 packages, and audited 479 packages in 7s
2025-11-12T08:52:14.870Z	
2025-11-12T08:52:14.870Z	64 packages are looking for funding
2025-11-12T08:52:14.870Z	  run `npm fund` for details
2025-11-12T08:52:14.888Z	
2025-11-12T08:52:14.888Z	8 vulnerabilities (3 low, 5 moderate)
2025-11-12T08:52:14.888Z	
2025-11-12T08:52:14.889Z	To address issues that do not require attention, run:
2025-11-12T08:52:14.889Z	  npm audit fix
2025-11-12T08:52:14.889Z	
2025-11-12T08:52:14.889Z	To address all issues (including breaking changes), run:
2025-11-12T08:52:14.889Z	  npm audit fix --force
2025-11-12T08:52:14.889Z	
2025-11-12T08:52:14.889Z	Run `npm audit` for details.
2025-11-12T08:52:15.166Z	Executing user build command: npm run build
2025-11-12T08:52:15.355Z	
2025-11-12T08:52:15.356Z	> rest-express@1.0.0 build
2025-11-12T08:52:15.356Z	> vite build && esbuild server/index.ts --platform=node --packages=external --bundle --format=esm --outdir=dist
2025-11-12T08:52:15.356Z	
2025-11-12T08:52:15.600Z	vite v5.4.20 building for production...
2025-11-12T08:52:15.651Z	transforming...
2025-11-12T08:52:16.630Z	
2025-11-12T08:52:16.631Z	A PostCSS plugin did not pass the `from` option to `postcss.parse`. This may cause imported assets to be incorrectly transformed. If you've recently added a PostCSS plugin that raised this warning, please contact the package author to fix the issue.
2025-11-12T08:52:19.010Z	‚úì 1717 modules transformed.
2025-11-12T08:52:19.355Z	rendering chunks...
2025-11-12T08:52:19.361Z	computing gzip size...
2025-11-12T08:52:19.380Z	../dist/public/index.html                   0.94 kB ‚îÇ gzip:   0.50 kB
2025-11-12T08:52:19.380Z	../dist/public/assets/index-Dih3bo2M.css   69.52 kB ‚îÇ gzip:  11.28 kB
2025-11-12T08:52:19.380Z	../dist/public/assets/index-Bqos7blX.js   366.29 kB ‚îÇ gzip: 114.04 kB
2025-11-12T08:52:19.380Z	‚úì built in 3.75s
2025-11-12T08:52:19.422Z	
2025-11-12T08:52:19.422Z	  dist/index.js  4.7kb
2025-11-12T08:52:19.422Z	
2025-11-12T08:52:19.422Z	‚ö° Done in 4ms
2025-11-12T08:52:19.431Z	Success: Build command completed
2025-11-12T08:52:19.570Z	Executing user deploy command: npx wrangler deploy
2025-11-12T08:52:20.487Z	npm warn exec The following package was not found and will be installed: wrangler@4.47.0
2025-11-12T08:52:27.444Z	
2025-11-12T08:52:27.444Z	 ‚õÖÔ∏è wrangler 4.47.0
2025-11-12T08:52:27.445Z	‚îÄ‚îÄ‚îÄ‚îÄ‚îÄ‚îÄ‚îÄ‚îÄ‚îÄ‚îÄ‚îÄ‚îÄ‚îÄ‚îÄ‚îÄ‚îÄ‚îÄ‚îÄ‚îÄ
2025-11-12T08:52:27.537Z	‚ñ≤ [WARNING] Failed to match Worker name. Your config file is using the Worker name "interview-assistant", but the CI system expected "interviewaudio". Overriding using the CI provided Worker name. Workers Builds connected builds will attempt to open a pull request to resolve this config name mismatch.
2025-11-12T08:52:27.538Z	
2025-11-12T08:52:27.538Z	
2025-11-12T08:52:28.650Z	Fetching list of already uploaded assets...
2025-11-12T08:52:28.933Z	Building list of assets to upload...
2025-11-12T08:52:28.941Z	 = assets/index-Bqos7blX.193802c8aa.js (already uploaded assets/index-Bqos7blX.js)
2025-11-12T08:52:28.943Z	 = assets/index-Dih3bo2M.eb1a27bddb.css (already uploaded assets/index-Dih3bo2M.css)
2025-11-12T08:52:28.944Z	 = favicon.b61c07068c.png (already uploaded favicon.png)
2025-11-12T08:52:28.946Z	 = index.471c7fcd6a.html (already uploaded index.html)
2025-11-12T08:52:28.947Z	Skipped uploading 4 existing assets.
2025-11-12T08:52:28.948Z	‚ÜóÔ∏è  Done syncing assets
2025-11-12T08:52:28.990Z	Total Upload: 1208.02 KiB / gzip: 310.84 KiB
2025-11-12T08:52:30.208Z	
2025-11-12T08:52:30.210Z	‚úò [ERROR] A request to the Cloudflare API (/accounts/fe92eeff181662396aefb25fc1d81fdf/workers/scripts/interviewaudio/versions) failed.
2025-11-12T08:52:30.210Z	
2025-11-12T08:52:30.210Z	  Uncaught TypeError: require_streams(...) is not a function
2025-11-12T08:52:30.210Z	    at null.<anonymous> (file:///opt/buildhome/repo/node_modules/iconv-lite/lib/index.js:144:9) in node_modules/iconv-lite/lib/index.js
2025-11-12T08:52:30.210Z	    at null.<anonymous> (cloudflare.js:18:50) in __require2
2025-11-12T08:52:30.210Z	    at null.<anonymous> (file:///opt/buildhome/repo/node_modules/raw-body/index.js:18:13) in node_modules/raw-body/index.js
2025-11-12T08:52:30.210Z	    at null.<anonymous> (cloudflare.js:18:50) in __require2
2025-11-12T08:52:30.210Z	    at null.<anonymous> (file:///opt/buildhome/repo/node_modules/body-parser/lib/read.js:16:15) in node_modules/body-parser/lib/read.js
2025-11-12T08:52:30.210Z	    at null.<anonymous> (cloudflare.js:18:50) in __require2
2025-11-12T08:52:30.210Z	    at null.<anonymous> (file:///opt/buildhome/repo/node_modules/body-parser/lib/types/json.js:19:12) in node_modules/body-parser/lib/types/json.js
2025-11-12T08:52:30.210Z	    at null.<anonymous> (cloudflare.js:18:50) in __require2
2025-11-12T08:52:30.211Z	    at null.<anonymous> (file:///opt/buildhome/repo/node_modules/body-parser/index.js:141:16) in loadParser
2025-11-12T08:52:30.211Z	    at null.<anonymous> (file:///opt/buildhome/repo/node_modules/body-parser/index.js:122:12) in get
2025-11-12T08:52:30.211Z	   [code: 10021]
2025-11-12T08:52:30.211Z	  To learn more about this error, visit: https://developers.cloudflare.com/workers/observability/errors/#validation-errors-10021
2025-11-12T08:52:30.211Z	
2025-11-12T08:52:30.212Z	  
2025-11-12T08:52:30.212Z	  If you think this is a bug, please open an issue at: https://github.com/cloudflare/workers-sdk/issues/new/choose
2025-11-12T08:52:30.212Z	
2025-11-12T08:52:30.212Z	
2025-11-12T08:52:30.212Z	
2025-11-12T08:52:30.212Z	Cloudflare collects anonymous telemetry about your usage of Wrangler. Learn more at https://github.com/cloudflare/workers-sdk/tree/main/packages/wrangler/telemetry.md
2025-11-12T08:52:30.233Z	ü™µ  Logs were written to "/opt/buildhome/.config/.wrangler/logs/wrangler-2025-11-12_08-52-26_878.log"
2025-11-12T08:52:30.288Z	Failed: error occurred while running deploy command